Content-Type: text/plain; charset="utf-8"
MIME-Version: 1.0
Content-Transfer-Encoding: 8bit
Subject: Password reset on 127.0.0.1:8000
From: webmaster@localhost
To: rahatbinomar@gmail.com
Date: Thu, 04 Jan 2024 14:27:10 -0000
Message-ID: <170437843054.9444.15913140960767174204@DESKTOP-HFD0MHD>


You're receiving this email because you requested a password reset for your user account at 127.0.0.1:8000.

Please go to the following page and choose a new password:

http://127.0.0.1:8000/reset/Ng/c0aota-ec01a72e531e83d91f1c5920a3b7ac94/

Your username, in case you’ve forgotten: rahat

Thanks for using our site!

The 127.0.0.1:8000 team



-------------------------------------------------------------------------------
Content-Type: text/plain; charset="utf-8"
MIME-Version: 1.0
Content-Transfer-Encoding: 8bit
Subject: Password reset on 127.0.0.1:8000
From: webmaster@localhost
To: rahatbinomar@gmail.com
Date: Thu, 04 Jan 2024 14:27:10 -0000
Message-ID: <170437843055.9444.2975377210517001923@DESKTOP-HFD0MHD>


You're receiving this email because you requested a password reset for your user account at 127.0.0.1:8000.

Please go to the following page and choose a new password:

http://127.0.0.1:8000/reset/Nw/c0aota-a956fea793b2a5ea2dcd7ae298f06031/

Your username, in case you’ve forgotten: rahat210

Thanks for using our site!

The 127.0.0.1:8000 team



-------------------------------------------------------------------------------
